
Apr 29, 2024 16:56:11.64 NEW SESSION
Apr 29, 2024 16:56:11.65 Created TensorFlow Lite XNNPACK delegate for CPU.

Apr 30, 2024 14:45:54.85 NEW SESSION
Apr 30, 2024 14:45:54.86 Created TensorFlow Lite XNNPACK delegate for CPU.
Apr 30, 2024 15:49:25.93 [348932:349068:0430/154925.937:ERROR:connection_factory_impl.cc(483)] ConnectionHandler failed with net error: -2
Apr 30, 2024 15:57:46.35 [348932:349068:0430/155746.358:ERROR:connection_factory_impl.cc(483)] ConnectionHandler failed with net error: -2
Apr 30, 2024 16:03:02.51 [348932:349068:0430/160302.517:ERROR:connection_factory_impl.cc(434)] Failed to connect to MCS endpoint with error -7
Apr 30, 2024 16:11:19.95 [348932:349068:0430/161119.956:ERROR:connection_factory_impl.cc(483)] ConnectionHandler failed with net error: -2
Apr 30, 2024 16:15:05.64 [348932:349068:0430/161505.639:ERROR:connection_factory_impl.cc(434)] Failed to connect to MCS endpoint with error -105
Apr 30, 2024 16:29:41.75 [348932:349068:0430/162941.750:ERROR:connection_factory_impl.cc(483)] ConnectionHandler failed with net error: -2
Apr 30, 2024 16:43:04.27 [348932:349068:0430/164304.276:ERROR:connection_factory_impl.cc(483)] ConnectionHandler failed with net error: -2
Apr 30, 2024 16:43:05.68 [348932:349068:0430/164305.684:ERROR:connection_factory_impl.cc(483)] ConnectionHandler failed with net error: -2
Apr 30, 2024 17:49:19.06 [348932:349068:0430/174919.064:ERROR:connection_factory_impl.cc(483)] ConnectionHandler failed with net error: -2
Apr 30, 2024 18:02:26.44 [348932:349068:0430/180226.439:ERROR:connection_factory_impl.cc(483)] ConnectionHandler failed with net error: -2
Apr 30, 2024 18:04:46.39 [348932:348940:0430/180446.395:ERROR:CONSOLE(48)] "This document requires 'TrustedScript' assignment.", source:  (48)
Apr 30, 2024 18:11:43.64 [348932:349068:0430/181016.993:ERROR:connection_factory_impl.cc(483)] ConnectionHandler failed with net error: -2
Apr 30, 2024 18:25:35.02 [348932:348940:0430/182535.023:ERROR:CONSOLE(48)] "This document requires 'TrustedScript' assignment.", source:  (48)
Apr 30, 2024 18:26:54.88 [348932:348940:0430/182654.882:ERROR:CONSOLE(48)] "This document requires 'TrustedScript' assignment.", source:  (48)
Apr 30, 2024 18:35:03.91 [348932:349068:0430/183503.912:ERROR:connection_factory_impl.cc(483)] ConnectionHandler failed with net error: -2

May 03, 2024 11:04:23.31 NEW SESSION
May 03, 2024 11:04:23.32 Created TensorFlow Lite XNNPACK delegate for CPU.
May 03, 2024 11:09:13.16 [306192:288960:0503/110913.161:ERROR:device_event_log_impl.cc(195)] [11:09:13.162] USB: usb_service_win.cc:105 SetupDiGetDeviceProperty({{A45C254E-DF1C-4EFD-8020-67D146A850E0}, 6}) failed: Element not found. (0x490)
May 03, 2024 11:27:00.60 [306192:299468:0503/112700.605:ERROR:connection_factory_impl.cc(483)] ConnectionHandler failed with net error: -2
May 03, 2024 11:32:56.71 [306192:299468:0503/113256.718:ERROR:connection_factory_impl.cc(483)] ConnectionHandler failed with net error: -2

May 06, 2024 12:44:23.66 NEW SESSION
May 06, 2024 12:44:23.66 Created TensorFlow Lite XNNPACK delegate for CPU.
May 06, 2024 12:48:01.51 Created TensorFlow Lite XNNPACK delegate for CPU.
May 06, 2024 13:41:12.39 Created TensorFlow Lite XNNPACK delegate for CPU.
May 06, 2024 13:54:22.93 [11372:14140:0506/135422.930:ERROR:connection_factory_impl.cc(434)] Failed to connect to MCS endpoint with error -106
May 06, 2024 13:54:51.47 [11372:14140:0506/135451.471:ERROR:connection_factory_impl.cc(434)] Failed to connect to MCS endpoint with error -106
May 06, 2024 13:55:43.55 [11372:14140:0506/135543.557:ERROR:connection_factory_impl.cc(434)] Failed to connect to MCS endpoint with error -106
May 06, 2024 13:56:30.96 [11372:14140:0506/135630.961:ERROR:connection_factory_impl.cc(434)] Failed to connect to MCS endpoint with error -105
May 06, 2024 13:56:53.95 [11372:14140:0506/135653.952:ERROR:connection_factory_impl.cc(434)] Failed to connect to MCS endpoint with error -105
May 06, 2024 13:56:55.96 [11372:14140:0506/135655.966:ERROR:connection_factory_impl.cc(434)] Failed to connect to MCS endpoint with error -106
May 06, 2024 13:57:08.63 [11372:14140:0506/135708.635:ERROR:connection_factory_impl.cc(434)] Failed to connect to MCS endpoint with error -105
May 06, 2024 13:57:33.03 [11372:14140:0506/135733.037:ERROR:connection_factory_impl.cc(434)] Failed to connect to MCS endpoint with error -105
May 06, 2024 14:00:47.80 [11372:14140:0506/140047.804:ERROR:connection_factory_impl.cc(483)] ConnectionHandler failed with net error: -2
May 06, 2024 14:55:43.93 [11372:14140:0506/145543.931:ERROR:connection_factory_impl.cc(483)] ConnectionHandler failed with net error: -2
May 06, 2024 14:59:43.92 [11372:14140:0506/145943.926:ERROR:connection_factory_impl.cc(483)] ConnectionHandler failed with net error: -2
May 06, 2024 15:13:34.32 [11372:14140:0506/151334.326:ERROR:connection_factory_impl.cc(483)] ConnectionHandler failed with net error: -2
May 06, 2024 15:30:55.90 [11372:14140:0506/153055.908:ERROR:connection_factory_impl.cc(434)] Failed to connect to MCS endpoint with error -7
May 06, 2024 15:52:22.13 [11372:14140:0506/155222.132:ERROR:connection_factory_impl.cc(483)] ConnectionHandler failed with net error: -2

May 08, 2024 12:41:28.97 NEW SESSION
May 08, 2024 12:41:28.98 Created TensorFlow Lite XNNPACK delegate for CPU.
May 08, 2024 12:41:37.19 [11788:20608:0508/124137.196:ERROR:file_util.cc(175)] Installing extension from : C:\Users\vaibh\AppData\Local\Google\Chrome\User Data\Default\Extensions\Temp\scoped_dir11788_1596722449\CRX_INSTALL into : C:\Users\vaibh\AppData\Local\Google\Chrome\User Data\Default\Extensions\abpdnfjocnmdomablahdcfnoggeeiedb\2.0.6_0 failed.

May 17, 2024 17:29:44.48 NEW SESSION
May 17, 2024 17:29:44.48 Created TensorFlow Lite XNNPACK delegate for CPU.
May 17, 2024 17:30:36.12 Created TensorFlow Lite XNNPACK delegate for CPU.
May 17, 2024 17:30:40.73 [139740:127892:0517/173040.735:ERROR:file_util.cc(175)] Installing extension from : C:\Users\vaibh\AppData\Local\Google\Chrome\User Data\Default\Extensions\Temp\scoped_dir139740_691003505\CRX_INSTALL into : C:\Users\vaibh\AppData\Local\Google\Chrome\User Data\Default\Extensions\abpdnfjocnmdomablahdcfnoggeeiedb\2.0.6_0 failed.
May 17, 2024 17:34:18.86 Created TensorFlow Lite XNNPACK delegate for CPU.
May 17, 2024 17:34:23.38 [113732:106336:0517/173423.383:ERROR:file_util.cc(175)] Installing extension from : C:\Users\vaibh\AppData\Local\Google\Chrome\User Data\Default\Extensions\Temp\scoped_dir113732_1637713435\CRX_INSTALL into : C:\Users\vaibh\AppData\Local\Google\Chrome\User Data\Default\Extensions\abpdnfjocnmdomablahdcfnoggeeiedb\2.0.6_0 failed.

May 19, 2024 12:41:52.94 NEW SESSION
May 19, 2024 12:41:52.95 Created TensorFlow Lite XNNPACK delegate for CPU.
May 19, 2024 12:42:15.12 [160832:165404:0519/124215.125:ERROR:file_util.cc(175)] Installing extension from : C:\Users\vaibh\AppData\Local\Google\Chrome\User Data\Default\Extensions\Temp\scoped_dir160832_1104988286\CRX_INSTALL into : C:\Users\vaibh\AppData\Local\Google\Chrome\User Data\Default\Extensions\abpdnfjocnmdomablahdcfnoggeeiedb\2.0.6_0 failed.
May 19, 2024 13:01:27.06 Created TensorFlow Lite XNNPACK delegate for CPU.
May 19, 2024 13:01:37.12 [211904:117940:0519/130137.120:ERROR:file_util.cc(175)] Installing extension from : C:\Users\vaibh\AppData\Local\Google\Chrome\User Data\Default\Extensions\Temp\scoped_dir211904_884067465\CRX_INSTALL into : C:\Users\vaibh\AppData\Local\Google\Chrome\User Data\Default\Extensions\abpdnfjocnmdomablahdcfnoggeeiedb\2.0.6_0 failed.
May 19, 2024 13:02:44.08 Created TensorFlow Lite XNNPACK delegate for CPU.
May 19, 2024 13:02:55.69 [186052:218832:0519/130255.693:ERROR:file_util.cc(175)] Installing extension from : C:\Users\vaibh\AppData\Local\Google\Chrome\User Data\Default\Extensions\Temp\scoped_dir186052_1419499314\CRX_INSTALL into : C:\Users\vaibh\AppData\Local\Google\Chrome\User Data\Default\Extensions\abpdnfjocnmdomablahdcfnoggeeiedb\2.0.6_0 failed.
May 19, 2024 13:04:09.79 Created TensorFlow Lite XNNPACK delegate for CPU.
May 19, 2024 13:04:23.78 [127456:325780:0519/130423.779:ERROR:file_util.cc(175)] Installing extension from : C:\Users\vaibh\AppData\Local\Google\Chrome\User Data\Default\Extensions\Temp\scoped_dir127456_1054117543\CRX_INSTALL into : C:\Users\vaibh\AppData\Local\Google\Chrome\User Data\Default\Extensions\abpdnfjocnmdomablahdcfnoggeeiedb\2.0.6_0 failed.
